Converting images
Compiling generated/gui_generated/src/screen1_screen/Screen1ViewBase.cpp
Compiling generated/fonts/src/Kerning_verdana_10_4bpp.cpp
Compiling generated/fonts/src/Font_comic_20_4bpp.cpp
Compiling generated/fonts/src/Font_verdana_40_4bpp.cpp
Compiling generated/fonts/src/Kerning_comic_20_4bpp.cpp
Compiling generated/fonts/src/FontGetters.cpp
Compiling generated/gui_generated/src/common/FrontendApplicationBase.cpp
Compiling generated/fonts/src/Kerning_verdana_40_4bpp.cpp
Compiling generated/fonts/src/Table_verdana_10_4bpp.cpp
Compiling generated/fonts/src/Table_comic_20_4bpp.cpp
Compiling generated/fonts/src/Table_verdana_40_4bpp.cpp
Compiling generated/fonts/src/Font_verdana_10_4bpp.cpp
Compiling generated/texts/src/LanguageGb.cpp
Compiling generated/texts/src/TypedTextDatabase.cpp
Compiling generated/texts/src/Texts.cpp
Compiling generated/fonts/src/ApplicationFontProvider.cpp
Compiling target/bsp/source/BoardConfiguration.cpp
Linking build/bin/target.elf
Producing additional output formats...
  target.hex   - Combined internal+external hex
  intflash.elf - Internal flash, elf debug
  intflash.hex - Internal flash, hex
  extflash.bin - External flash, binary
